<?xml version="1.0" encoding="UTF-8"?>
<!-- Generated by org.testng.reporters.JUnitXMLReporter -->
<testsuite ignored="0" hostname="MSI" failures="0" tests="4" name="Day 1" time="0.046" errors="0" timestamp="2022-12-11T22:09:07 IST">
  <testcase classname="com.qa.Day12.TestNGDemo" name="display" time="0.005"/>
  <testcase classname="com.qa.Day12.TestNGDemo" name="display1" time="0.001"/>
  <testcase classname="com.qa.Day12.TestNGDemo1" name="display" time="0.001"/>
  <testcase classname="com.qa.Day12.TestNGDemo1" name="display1" time="0.001"/>
</testsuite> <!-- Day 1 -->
