<?xml version="1.0" encoding="UTF-8"?>
<testng-results ignored="0" total="4" passed="4" failed="0" skipped="0">
  <reporter-output>
  </reporter-output>
  <suite started-at="2022-12-11T22:09:07 IST" name="Default Suite" finished-at="2022-12-11T22:09:07 IST" duration-ms="46">
    <groups>
    </groups>
    <test started-at="2022-12-11T22:09:07 IST" name="Day 1" finished-at="2022-12-11T22:09:07 IST" duration-ms="46">
      <class name="com.qa.Day12.TestNGDemo1">
        <test-method signature="display()[pri:0, instance:com.qa.Day12.TestNGDemo1@76f2bbc1]" started-at="2022-12-11T22:09:07 IST" name="display" finished-at="2022-12-11T22:09:07 IST" duration-ms="1" status="PASS">
          <reporter-output>
          </reporter-output>
        </test-method> <!-- display -->
        <test-method signature="display1()[pri:0, instance:com.qa.Day12.TestNGDemo1@76f2bbc1]" started-at="2022-12-11T22:09:07 IST" name="display1" finished-at="2022-12-11T22:09:07 IST" duration-ms="1" status="PASS">
          <reporter-output>
          </reporter-output>
        </test-method> <!-- display1 -->
      </class> <!-- com.qa.Day12.TestNGDemo1 -->
      <class name="com.qa.Day12.TestNGDemo">
        <test-method signature="display()[pri:0, instance:com.qa.Day12.TestNGDemo@6bf0219d]" started-at="2022-12-11T22:09:07 IST" name="display" finished-at="2022-12-11T22:09:07 IST" duration-ms="5" status="PASS">
          <reporter-output>
          </reporter-output>
        </test-method> <!-- display -->
        <test-method signature="display1()[pri:0, instance:com.qa.Day12.TestNGDemo@6bf0219d]" started-at="2022-12-11T22:09:07 IST" name="display1" finished-at="2022-12-11T22:09:07 IST" duration-ms="1" status="PASS">
          <reporter-output>
          </reporter-output>
        </test-method> <!-- display1 -->
      </class> <!-- com.qa.Day12.TestNGDemo -->
    </test> <!-- Day 1 -->
  </suite> <!-- Default Suite -->
</testng-results>
